[2026-04-25 15:12:41] Tentative d envoi email a: tahabellotef1401@gmail.com[2026-04-25 15:12:41] Connexion SMTP etablie[2026-04-25 15:12:41] GREETING: 220 smtp.gmail.com ESMTP ffacd0b85a97d-43fe4cc09b1sm67740503f8f.9 - gsmtp[2026-04-25 15:12:41] AUTH Response: 250-CHUNKING[2026-04-25 15:12:42] Email envoye avec succes a: tahabellotef1401@gmail.com[2026-04-25 15:14:33] Tentative d envoi email a: tahabellotef1401@gmail.com[2026-04-25 15:14:33] URL de reinitialisation: http://192.168.5.1/projetwebnova/View/auth.php?token=3fbded75d08da35e2ffc5b16165383cd8aea26356e29dac14260e50602ed3f4d[2026-04-25 15:14:34] Connexion SMTP etablie[2026-04-25 15:14:34] GREETING: 220 smtp.gmail.com ESMTP 5b1f17b1804b1-48a5499b0edsm327935885e9.14 - gsmtp[2026-04-25 15:14:34] AUTH Response: 250-CHUNKING[2026-04-25 15:14:34] Email envoye avec succes a: tahabellotef1401@gmail.com[2026-04-25 15:15:00] Tentative d envoi email a: tahabellotef1401@gmail.com[2026-04-25 15:15:00] URL de reinitialisation: http://192.168.5.1/projetwebnova/View/auth.php?token=30a3c0ee1e59e8ba8e0038ec07ae00303a6af646119de0e302d06f26c45141db[2026-04-25 15:15:01] Connexion SMTP etablie[2026-04-25 15:15:01] GREETING: 220 smtp.gmail.com ESMTP 5b1f17b1804b1-4891df9e50asm371139775e9.0 - gsmtp[2026-04-25 15:15:01] AUTH Response: 250-CHUNKING[2026-04-25 15:15:02] Email envoye avec succes a: tahabellotef1401@gmail.com[2026-04-25 15:16:22] Tentative d envoi email a: tahabellotef1401@gmail.com[2026-04-25 15:16:22] URL de reinitialisation: http://192.168.5.1/projetwebnova/View/auth.php?token=561174754233222d9dbcb61fd1ae95362e5e4fd13c9c16e22e8035cb99fd411d[2026-04-25 15:16:23] Connexion SMTP etablie[2026-04-25 15:16:23] GREETING: 220 smtp.gmail.com ESMTP 5b1f17b1804b1-488fb7ac6aasm208772255e9.25 - gsmtp[2026-04-25 15:16:23] AUTH Response: 250-CHUNKING[2026-04-25 15:16:24] Email envoye avec succes a: tahabellotef1401@gmail.com[2026-04-25 15:17:49] Tentative d envoi email a: tahabellotef1401@gmail.com[2026-04-25 15:17:49] URL de reinitialisation: http://192.168.5.1/projetwebnova/View/auth.php?token=02ae3ec028579d688aae143b70918b45c11001e77728f0ad9f42019c64de3191[2026-04-25 15:17:49] Connexion SMTP etablie[2026-04-25 15:17:50] GREETING: 220 smtp.gmail.com ESMTP ffacd0b85a97d-43fe4e3a18csm76515382f8f.20 - gsmtp[2026-04-25 15:17:50] EHLO Response: 250-smtp.gmail.com at your service, [2c0f:f698:4016:491a:a14a:1c03:a45e:a64c]
250-SIZE 35882577
250-8BITMIME
250-AUTH LOGIN PLAIN XOAUTH2 PLAIN-CLIENTTOKEN OAUTHBEARER XOAUTH
250-ENHANCEDSTATUSCODES
250-PIPELINING
250-CHUNKING
250 SMTPUTF8[2026-04-25 15:17:50] AUTH LOGIN Response: 334 VXNlcm5hbWU6[2026-04-25 15:17:50] Username Response: 334 UGFzc3dvcmQ6[2026-04-25 15:17:50] Password Response: 235 2.7.0 Accepted[2026-04-25 15:17:50] Authentication successful[2026-04-25 15:17:50] MAIL FROM Response: 250 2.1.0 OK ffacd0b85a97d-43fe4e3a18csm76515382f8f.20 - gsmtp[2026-04-25 15:17:50] RCPT TO Response: 250 2.1.5 OK ffacd0b85a97d-43fe4e3a18csm76515382f8f.20 - gsmtp[2026-04-25 15:17:50] DATA Response: 354 Go ahead ffacd0b85a97d-43fe4e3a18csm76515382f8f.20 - gsmtp[2026-04-25 15:17:51] Message Response: 250 2.0.0 OK  1777123070 ffacd0b85a97d-43fe4e3a18csm76515382f8f.20 - gsmtp[2026-04-25 15:17:51] Email envoye avec succes a: tahabellotef1401@gmail.com[2026-04-25 15:20:23] Tentative d envoi email a: tahabellotef1401@gmail.com[2026-04-25 15:20:23] URL de reinitialisation: http://192.168.5.1/projetwebnova/View/auth.php?token=1af7cebe255b0238521bb003d20d7f633d3a9e87c247294a7d3b6bfd75a85a73[2026-04-25 15:20:24] Connexion SMTP etablie[2026-04-25 15:20:24] GREETING: 220 smtp.gmail.com ESMTP ffacd0b85a97d-43fe4cc375dsm59910763f8f.14 - gsmtp[2026-04-25 15:20:25] EHLO Response: 250-smtp.gmail.com at your service, [2c0f:f698:4016:491a:a14a:1c03:a45e:a64c]
250-SIZE 35882577
250-8BITMIME
250-AUTH LOGIN PLAIN XOAUTH2 PLAIN-CLIENTTOKEN OAUTHBEARER XOAUTH
250-ENHANCEDSTATUSCODES
250-PIPELINING
250-CHUNKING
250 SMTPUTF8[2026-04-25 15:20:25] AUTH LOGIN Response: 334 VXNlcm5hbWU6[2026-04-25 15:20:25] Username Response: 334 UGFzc3dvcmQ6[2026-04-25 15:20:25] Password Response: 235 2.7.0 Accepted[2026-04-25 15:20:25] Authentication successful[2026-04-25 15:20:26] MAIL FROM Response: 250 2.1.0 OK ffacd0b85a97d-43fe4cc375dsm59910763f8f.14 - gsmtp[2026-04-25 15:20:26] RCPT TO Response: 250 2.1.5 OK ffacd0b85a97d-43fe4cc375dsm59910763f8f.14 - gsmtp[2026-04-25 15:20:26] DATA Response: 354 Go ahead ffacd0b85a97d-43fe4cc375dsm59910763f8f.14 - gsmtp[2026-04-25 15:20:26] Message Response: 250 2.0.0 OK  1777123226 ffacd0b85a97d-43fe4cc375dsm59910763f8f.14 - gsmtp[2026-04-25 15:20:26] Email envoye avec succes a: tahabellotef1401@gmail.com[2026-04-25 15:28:35] Tentative d envoi email a: tahabellotef1401@gmail.com[2026-04-25 15:28:35] URL de reinitialisation: https://valuables-baguette-sandbar.ngrok-free.dev/projetwebnova/View/auth.php?token=2a402d01a029533efdf90a34750a504f789c06c16cc7242db849c95b8a56a8c3[2026-04-25 15:28:36] Connexion SMTP etablie[2026-04-25 15:28:36] GREETING: 220 smtp.gmail.com ESMTP 5b1f17b1804b1-48a52583fe7sm346935565e9.13 - gsmtp[2026-04-25 15:28:36] EHLO Response: 250-smtp.gmail.com at your service, [2c0f:f698:4016:491a:a14a:1c03:a45e:a64c]
250-SIZE 35882577
250-8BITMIME
250-AUTH LOGIN PLAIN XOAUTH2 PLAIN-CLIENTTOKEN OAUTHBEARER XOAUTH
250-ENHANCEDSTATUSCODES
250-PIPELINING
250-CHUNKING
250 SMTPUTF8[2026-04-25 15:28:36] AUTH LOGIN Response: 334 VXNlcm5hbWU6[2026-04-25 15:28:36] Username Response: 334 UGFzc3dvcmQ6[2026-04-25 15:28:36] Password Response: 235 2.7.0 Accepted[2026-04-25 15:28:36] Authentication successful[2026-04-25 15:28:36] MAIL FROM Response: 250 2.1.0 OK 5b1f17b1804b1-48a52583fe7sm346935565e9.13 - gsmtp[2026-04-25 15:28:36] RCPT TO Response: 250 2.1.5 OK 5b1f17b1804b1-48a52583fe7sm346935565e9.13 - gsmtp[2026-04-25 15:28:37] DATA Response: 354 Go ahead 5b1f17b1804b1-48a52583fe7sm346935565e9.13 - gsmtp[2026-04-25 15:28:37] Message Response: 250 2.0.0 OK  1777123717 5b1f17b1804b1-48a52583fe7sm346935565e9.13 - gsmtp[2026-04-25 15:28:37] Email envoye avec succes a: tahabellotef1401@gmail.com[2026-04-25 15:31:20] Tentative d envoi email a: tahabellotef1401@gmail.com[2026-04-25 15:31:20] URL de reinitialisation: https://valuables-baguette-sandbar.ngrok-free.dev/projetwebnova/View/auth.php?token=4701d2649446b8840fbc51501f32476118b1f9377dde389267832176916ee93e[2026-04-25 15:31:21] Connexion SMTP etablie[2026-04-25 15:31:21] GREETING: 220 smtp.gmail.com ESMTP 5b1f17b1804b1-488fb7a0c13sm209735455e9.21 - gsmtp[2026-04-25 15:31:21] EHLO Response: 250-smtp.gmail.com at your service, [2c0f:f698:4016:491a:a14a:1c03:a45e:a64c]
250-SIZE 35882577
250-8BITMIME
250-AUTH LOGIN PLAIN XOAUTH2 PLAIN-CLIENTTOKEN OAUTHBEARER XOAUTH
250-ENHANCEDSTATUSCODES
250-PIPELINING
250-CHUNKING
250 SMTPUTF8[2026-04-25 15:31:21] AUTH LOGIN Response: 334 VXNlcm5hbWU6[2026-04-25 15:31:21] Username Response: 334 UGFzc3dvcmQ6[2026-04-25 15:31:22] Password Response: 235 2.7.0 Accepted[2026-04-25 15:31:22] Authentication successful[2026-04-25 15:31:22] MAIL FROM Response: 250 2.1.0 OK 5b1f17b1804b1-488fb7a0c13sm209735455e9.21 - gsmtp[2026-04-25 15:31:22] RCPT TO Response: 250 2.1.5 OK 5b1f17b1804b1-488fb7a0c13sm209735455e9.21 - gsmtp[2026-04-25 15:31:22] DATA Response: 354 Go ahead 5b1f17b1804b1-488fb7a0c13sm209735455e9.21 - gsmtp[2026-04-25 15:31:22] Message Response: 250 2.0.0 OK  1777123882 5b1f17b1804b1-488fb7a0c13sm209735455e9.21 - gsmtp[2026-04-25 15:31:22] Email envoye avec succes a: tahabellotef1401@gmail.com[2026-04-25 15:40:49] Tentative d envoi email de verification a: taha.bellotef@esprit.tn[2026-04-25 15:40:49] URL de verification: https://valuables-baguette-sandbar.ngrok-free.dev/projetwebnova/Controller/verify-email.php?token=17928e4ac95c626a0fd855365e8e0da11669e1f6d8ddeac27dc919cd46be40b8[2026-04-25 15:40:51] Email de verification envoye avec succes a: taha.bellotef@esprit.tn[2026-04-25 15:41:42] Tentative d envoi email de verification a: yassineessid11@gmail.com[2026-04-25 15:41:42] URL de verification: https://valuables-baguette-sandbar.ngrok-free.dev/projetwebnova/Controller/verify-email.php?token=7fe0ffde482c78c13f3683ae6c4f38d9acb0f1ce6312b5e4cd4231c4f8244428[2026-04-25 15:41:45] Email de verification envoye avec succes a: yassineessid11@gmail.com[2026-04-25 15:42:23] Tentative d envoi email de verification a: essid.yassine11@gmail.com[2026-04-25 15:42:23] URL de verification: https://valuables-baguette-sandbar.ngrok-free.dev/projetwebnova/Controller/verify-email.php?token=ee367bd7152fe86a5b621505be861df18db9ce2bd77809684ed1a19421517ffb[2026-04-25 15:42:26] Email de verification envoye avec succes a: essid.yassine11@gmail.com[2026-04-25 16:13:22] Tentative d envoi email a: tahabellotef1401@gmail.com[2026-04-25 16:13:22] URL de reinitialisation: http://localhost/projetwebnova/View/auth.php?token=3dd37d1ba08be3297d138dac0b44daf0fcff226d4926c45bf9d5f2e4ff663232[2026-04-25 16:13:22] Connexion SMTP etablie[2026-04-25 16:13:23] GREETING: 220 smtp.gmail.com ESMTP ffacd0b85a97d-43fe4e3a18csm76848300f8f.20 - gsmtp[2026-04-25 16:13:23] EHLO Response: 250-smtp.gmail.com at your service, [2c0f:f698:4016:491a:a14a:1c03:a45e:a64c]
250-SIZE 35882577
250-8BITMIME
250-AUTH LOGIN PLAIN XOAUTH2 PLAIN-CLIENTTOKEN OAUTHBEARER XOAUTH
250-ENHANCEDSTATUSCODES
250-PIPELINING
250-CHUNKING
250 SMTPUTF8[2026-04-25 16:13:23] AUTH LOGIN Response: 334 VXNlcm5hbWU6[2026-04-25 16:13:23] Username Response: 334 UGFzc3dvcmQ6[2026-04-25 16:13:23] Password Response: 235 2.7.0 Accepted[2026-04-25 16:13:23] Authentication successful[2026-04-25 16:13:23] MAIL FROM Response: 250 2.1.0 OK ffacd0b85a97d-43fe4e3a18csm76848300f8f.20 - gsmtp[2026-04-25 16:13:23] RCPT TO Response: 250 2.1.5 OK ffacd0b85a97d-43fe4e3a18csm76848300f8f.20 - gsmtp[2026-04-25 16:13:24] DATA Response: 354 Go ahead ffacd0b85a97d-43fe4e3a18csm76848300f8f.20 - gsmtp[2026-04-25 16:13:24] Message Response: 250 2.0.0 OK  1777126404 ffacd0b85a97d-43fe4e3a18csm76848300f8f.20 - gsmtp[2026-04-25 16:13:24] Email envoye avec succes a: tahabellotef1401@gmail.com[2026-04-25 16:15:17] Tentative d envoi email a: tahabellotef1401@gmail.com[2026-04-25 16:15:17] URL de reinitialisation: https://valuables-baguette-sandbar.ngrok-free.dev/projetwebnova/View/auth.php?token=c80c9a2bebe3fd9fd23f2656d78c596923b1dad966bea7b02810ff02c2f2bf5e[2026-04-25 16:15:17] Connexion SMTP etablie[2026-04-25 16:15:17] GREETING: 220 smtp.gmail.com ESMTP 5b1f17b1804b1-488fc0f82bbsm1125464475e9.3 - gsmtp[2026-04-25 16:15:17] EHLO Response: 250-smtp.gmail.com at your service, [2c0f:f698:4016:491a:a14a:1c03:a45e:a64c]
250-SIZE 35882577
250-8BITMIME
250-AUTH LOGIN PLAIN XOAUTH2 PLAIN-CLIENTTOKEN OAUTHBEARER XOAUTH
250-ENHANCEDSTATUSCODES
250-PIPELINING
250-CHUNKING
250 SMTPUTF8[2026-04-25 16:15:18] AUTH LOGIN Response: 334 VXNlcm5hbWU6[2026-04-25 16:15:18] Username Response: 334 UGFzc3dvcmQ6[2026-04-25 16:15:18] Password Response: 235 2.7.0 Accepted[2026-04-25 16:15:18] Authentication successful[2026-04-25 16:15:18] MAIL FROM Response: 250 2.1.0 OK 5b1f17b1804b1-488fc0f82bbsm1125464475e9.3 - gsmtp[2026-04-25 16:15:18] RCPT TO Response: 250 2.1.5 OK 5b1f17b1804b1-488fc0f82bbsm1125464475e9.3 - gsmtp[2026-04-25 16:15:18] DATA Response: 354 Go ahead 5b1f17b1804b1-488fc0f82bbsm1125464475e9.3 - gsmtp[2026-04-25 16:15:19] Message Response: 250 2.0.0 OK  1777126518 5b1f17b1804b1-488fc0f82bbsm1125464475e9.3 - gsmtp[2026-04-25 16:15:19] Email envoye avec succes a: tahabellotef1401@gmail.com[2026-04-25 16:28:55] Tentative d envoi email a: tahabellotef1401@gmail.com[2026-04-25 16:28:55] URL de reinitialisation: https://valuables-baguette-sandbar.ngrok-free.dev/projetwebnova/View/auth.php?token=7d9922d0db4349ffcc48a2723f09d45a1f93a48549e800b131a6b5824a756a10[2026-04-25 16:28:56] Connexion SMTP etablie[2026-04-25 16:28:56] GREETING: 220 smtp.gmail.com ESMTP ffacd0b85a97d-43fe4cb135asm72747360f8f.6 - gsmtp[2026-04-25 16:28:56] EHLO Response: 250-smtp.gmail.com at your service, [2c0f:f698:4016:491a:a14a:1c03:a45e:a64c]
250-SIZE 35882577
250-8BITMIME
250-AUTH LOGIN PLAIN XOAUTH2 PLAIN-CLIENTTOKEN OAUTHBEARER XOAUTH
250-ENHANCEDSTATUSCODES
250-PIPELINING
250-CHUNKING
250 SMTPUTF8[2026-04-25 16:28:56] AUTH LOGIN Response: 334 VXNlcm5hbWU6[2026-04-25 16:28:56] Username Response: 334 UGFzc3dvcmQ6[2026-04-25 16:28:57] Password Response: 235 2.7.0 Accepted[2026-04-25 16:28:57] Authentication successful[2026-04-25 16:28:57] MAIL FROM Response: 250 2.1.0 OK ffacd0b85a97d-43fe4cb135asm72747360f8f.6 - gsmtp[2026-04-25 16:28:57] RCPT TO Response: 250 2.1.5 OK ffacd0b85a97d-43fe4cb135asm72747360f8f.6 - gsmtp[2026-04-25 16:28:57] DATA Response: 354 Go ahead ffacd0b85a97d-43fe4cb135asm72747360f8f.6 - gsmtp[2026-04-25 16:28:57] Message Response: 250 2.0.0 OK  1777127337 ffacd0b85a97d-43fe4cb135asm72747360f8f.6 - gsmtp[2026-04-25 16:28:57] Email envoye avec succes a: tahabellotef1401@gmail.com[2026-04-25 16:38:18] Tentative d envoi email de verification a: rayen.soula@esprit.tn[2026-04-25 16:38:18] URL de verification: https://valuables-baguette-sandbar.ngrok-free.dev/projetwebnova/Controller/verify-email.php?token=27e8ca5c822e66da34ef9fc09f0cd33c63cb7655972ec51b7cbdbef7b80292e5[2026-04-25 16:38:21] Email de verification envoye avec succes a: rayen.soula@esprit.tn[2026-04-25 16:40:07] Tentative d envoi email de verification a: tahabellotef1401@gmail.com[2026-04-25 16:40:07] URL de verification: https://valuables-baguette-sandbar.ngrok-free.dev/projetwebnova/Controller/verify-email.php?token=3d4882a279664f955a0830a61af2b2e76cbfa7bc70be9ad0fdad27debe871188[2026-04-25 16:40:10] Email de verification envoye avec succes a: tahabellotef1401@gmail.com[2026-04-25 18:53:55] Tentative d envoi email de verification a: asmizeineb5@gmail.com[2026-04-25 18:53:55] URL de verification: https://valuables-baguette-sandbar.ngrok-free.dev/projetwebnova/Controller/verify-email.php?token=5fd0d75f5b699ed3c8d6cb543f177c6512248780f8b7a6e3c7be294caf2141f7[2026-04-25 18:53:57] Email de verification envoye avec succes a: asmizeineb5@gmail.com[2026-04-25 18:55:16] Tentative d envoi email a: asmizeineb5@gmail.com[2026-04-25 18:55:16] URL de reinitialisation: https://valuables-baguette-sandbar.ngrok-free.dev/projetwebnova/View/auth.php?token=4e37f92f781640f5b3b0e18d98d2f737c9cd1ef7f6b07bde8b682d081e8fb4a6[2026-04-25 18:55:17] Connexion SMTP etablie[2026-04-25 18:55:17] GREETING: 220 smtp.gmail.com ESMTP 5b1f17b1804b1-488fc0f8193sm605714925e9.1 - gsmtp[2026-04-25 18:55:17] EHLO Response: 250-smtp.gmail.com at your service, [197.17.17.194]
250-SIZE 35882577
250-8BITMIME
250-AUTH LOGIN PLAIN XOAUTH2 PLAIN-CLIENTTOKEN OAUTHBEARER XOAUTH
250-ENHANCEDSTATUSCODES
250-PIPELINING
250-CHUNKING
250 SMTPUTF8[2026-04-25 18:55:17] AUTH LOGIN Response: 334 VXNlcm5hbWU6[2026-04-25 18:55:17] Username Response: 334 UGFzc3dvcmQ6[2026-04-25 18:55:17] Password Response: 235 2.7.0 Accepted[2026-04-25 18:55:17] Authentication successful[2026-04-25 18:55:17] MAIL FROM Response: 250 2.1.0 OK 5b1f17b1804b1-488fc0f8193sm605714925e9.1 - gsmtp[2026-04-25 18:55:17] RCPT TO Response: 250 2.1.5 OK 5b1f17b1804b1-488fc0f8193sm605714925e9.1 - gsmtp[2026-04-25 18:55:18] DATA Response: 354 Go ahead 5b1f17b1804b1-488fc0f8193sm605714925e9.1 - gsmtp[2026-04-25 18:55:18] Message Response: 250 2.0.0 OK  1777136118 5b1f17b1804b1-488fc0f8193sm605714925e9.1 - gsmtp[2026-04-25 18:55:18] Email envoye avec succes a: asmizeineb5@gmail.com[2026-04-28 01:05:38] Tentative d envoi email de verification a: salmasoula20@gmail.com[2026-04-28 01:05:38] URL de verification: https://valuables-baguette-sandbar.ngrok-free.dev/projetwebnova/Controller/verify-email.php?token=331e7443704a59d61a5848dd55e52f308848ffbcb78ae205f544219f0f88a2f6[2026-04-28 01:05:41] Email de verification envoye avec succes a: salmasoula20@gmail.com[2026-04-28 01:30:48] Tentative d envoi email de verification a: salmasoula20@gmail.com[2026-04-28 01:30:48] URL de verification: https://valuables-baguette-sandbar.ngrok-free.dev/projetwebnova/Controller/verify-email.php?token=2daf378bcf365cc72ae78ff9c5770bad7fd56d7d05f033dcd73f1e6aa8afaca8[2026-04-28 01:30:50] Email de verification envoye avec succes a: salmasoula20@gmail.com[2026-04-28 01:36:04] Tentative d envoi email de verification a: tahabellotef1401@gmail.com[2026-04-28 01:36:04] URL de verification: https://valuables-baguette-sandbar.ngrok-free.dev/projetwebnova/Controller/verify-email.php?token=1f9c8c20b658d5c5978b27a9243c8861173bc976c591fdd08074c1fece156dae[2026-04-28 01:36:06] Email de verification envoye avec succes a: tahabellotef1401@gmail.com[2026-04-28 01:37:31] Tentative d envoi email a: tahabellotef1401@gmail.com[2026-04-28 01:37:31] URL de reinitialisation: https://valuables-baguette-sandbar.ngrok-free.dev/projetwebnova/View/auth.php?token=6c3463d8a4c8d1662d855ace23271da9873842249804d25df9a82896c1daba53[2026-04-28 01:37:32] Connexion SMTP etablie[2026-04-28 01:37:32] GREETING: 220 smtp.gmail.com ESMTP 5b1f17b1804b1-48a77608ccfsm5677285e9.35 - gsmtp[2026-04-28 01:37:32] EHLO Response: 250-smtp.gmail.com at your service, [197.17.16.132]
250-SIZE 35882577
250-8BITMIME
250-AUTH LOGIN PLAIN XOAUTH2 PLAIN-CLIENTTOKEN OAUTHBEARER XOAUTH
250-ENHANCEDSTATUSCODES
250-PIPELINING
250-CHUNKING
250 SMTPUTF8[2026-04-28 01:37:32] AUTH LOGIN Response: 334 VXNlcm5hbWU6[2026-04-28 01:37:32] Username Response: 334 UGFzc3dvcmQ6[2026-04-28 01:37:32] Password Response: 235 2.7.0 Accepted[2026-04-28 01:37:32] Authentication successful[2026-04-28 01:37:33] MAIL FROM Response: 250 2.1.0 OK 5b1f17b1804b1-48a77608ccfsm5677285e9.35 - gsmtp[2026-04-28 01:37:33] RCPT TO Response: 250 2.1.5 OK 5b1f17b1804b1-48a77608ccfsm5677285e9.35 - gsmtp[2026-04-28 01:37:33] DATA Response: 354 Go ahead 5b1f17b1804b1-48a77608ccfsm5677285e9.35 - gsmtp[2026-04-28 01:37:34] Message Response: 250 2.0.0 OK  1777333054 5b1f17b1804b1-48a77608ccfsm5677285e9.35 - gsmtp[2026-04-28 01:37:34] Email envoye avec succes a: tahabellotef1401@gmail.com[2026-04-28 10:22:28] Tentative d envoi email de verification a: ines.elmejid@esprit.tn[2026-04-28 10:22:28] URL de verification: https://valuables-baguette-sandbar.ngrok-free.dev/projetwebnova/Controller/verify-email.php?token=c2f412e4f1fee8a5a935049b92ea3c09c77e6b45690115c1f7e813907b974307[2026-04-28 10:22:32] Email de verification envoye avec succes a: ines.elmejid@esprit.tn[2026-04-28 10:26:33] Tentative d envoi email de verification a: rayenrourou1919@gmail.com[2026-04-28 10:26:33] URL de verification: https://valuables-baguette-sandbar.ngrok-free.dev/projetwebnova/Controller/verify-email.php?token=7705c02c540b7849a843dc92756309b3cdc8747f8978ea6c7afa0cb9733548ae[2026-04-28 10:26:59] Email de verification envoye avec succes a: rayenrourou1919@gmail.com[2026-04-28 10:26:59] Tentative d envoi email de verification a: rayenrourou1919@gmail.com[2026-04-28 10:26:59] URL de verification: https://valuables-baguette-sandbar.ngrok-free.dev/projetwebnova/Controller/verify-email.php?token=a3da68ca896db6725adf1a3193f5cbaf9cb5a07071daf3bfd33035d0290b7348[2026-04-28 10:27:11] Email de verification envoye avec succes a: rayenrourou1919@gmail.com[2026-04-28 10:32:57] Tentative d envoi email de verification a: rayenrourou1919@gmail.com[2026-04-28 10:32:57] URL de verification: https://valuables-baguette-sandbar.ngrok-free.dev/projetwebnova/Controller/verify-email.php?token=a28ae3c1a8c42b73309cb94fa25fd4e405fa1b58e0cbfc505542cd09d58d54c7[2026-04-28 10:33:01] Email de verification envoye avec succes a: rayenrourou1919@gmail.com[2026-04-28 10:33:54] Tentative d envoi email a: rayenrourou1919@gmail.com[2026-04-28 10:33:54] URL de reinitialisation: https://valuables-baguette-sandbar.ngrok-free.dev/projetwebnova/View/auth.php?token=2dad94fb7d773081760a7a7c4fb5615ff4c2e28d4da3e8f2c1ab8df04a8bfa5e[2026-04-28 10:33:55] Connexion SMTP etablie[2026-04-28 10:33:55] GREETING: 220 smtp.gmail.com ESMTP 5b1f17b1804b1-48a7748e622sm13872465e9.1 - gsmtp[2026-04-28 10:33:55] EHLO Response: 250-smtp.gmail.com at your service, [2c0f:f290:3082:3403:e845:4f1a:f551:297a]
250-SIZE 35882577
250-8BITMIME
250-AUTH LOGIN PLAIN XOAUTH2 PLAIN-CLIENTTOKEN OAUTHBEARER XOAUTH
250-ENHANCEDSTATUSCODES
250-PIPELINING
250-CHUNKING
250 SMTPUTF8[2026-04-28 10:33:55] AUTH LOGIN Response: 334 VXNlcm5hbWU6[2026-04-28 10:33:55] Username Response: 334 UGFzc3dvcmQ6[2026-04-28 10:33:56] Password Response: 235 2.7.0 Accepted[2026-04-28 10:33:56] Authentication successful[2026-04-28 10:33:56] MAIL FROM Response: 250 2.1.0 OK 5b1f17b1804b1-48a7748e622sm13872465e9.1 - gsmtp[2026-04-28 10:33:56] RCPT TO Response: 250 2.1.5 OK 5b1f17b1804b1-48a7748e622sm13872465e9.1 - gsmtp[2026-04-28 10:33:56] DATA Response: 354 Go ahead 5b1f17b1804b1-48a7748e622sm13872465e9.1 - gsmtp[2026-04-28 10:33:57] Message Response: 250 2.0.0 OK  1777365237 5b1f17b1804b1-48a7748e622sm13872465e9.1 - gsmtp[2026-04-28 10:33:57] Email envoye avec succes a: rayenrourou1919@gmail.com[2026-04-28 11:44:23] Tentative d envoi email de verification a: rayenrourou1919@gmail.com[2026-04-28 11:44:23] URL de verification: https://valuables-baguette-sandbar.ngrok-free.dev/projetwebnova/Controller/verify-email.php?token=8f34ca397d0f560c82edb068ab159e17e72350d299ac7ebacfcbcfefbbf5f347[2026-04-28 11:44:28] Email de verification envoye avec succes a: rayenrourou1919@gmail.com